
========Image Gen Prepare========
Fri Jun 18 11:46:55 2021

Copy ..\Debug\LinkCard-RT1172_BT.srec
已复制         1 个文件。
Copy ..\submodule\rt1172_bootloader\Debug\IXWW22_BLD.srec
已复制         1 个文件。
Copy ..\bat\SYS_A_VALIDITY.srec
已复制         1 个文件。
Get crts!
Get enc!
Get keys!
Get srk!
0_image_gen

========Image Gen Start========
Fri Jun 18 11:47:25 2021

copy cst ret: 0
copy elftosb ret: 0
Enc files exist.
PKI files exist.
SRK files exist.
.\HexView\hexview.exe /in:.\_bin\enc.bin;0x20280000 /s /xs:16:2 -o .\_bin\enc.srec
0
Enc File Gen done!
.\HexView\hexview.exe /mo:IXWW22_FLD.srec+.\_bin\enc.srec /s /xs:16:2 -o .\_bin\IXWW22_FLD_M.srec
0
elftosb.exe -f imx -V -c flashloader_ivt.bd -o .\_bin\IXWW22_FLD_M_ivt.bin .\_bin\IXWW22_FLD_M.srec
0
cd _out & elftosb.exe -f imx -V -c ..\flashloader_signed.bd -o ..\_bin\IXWW22_FLD_M_signed.bin ..\_bin\IXWW22_FLD_M.srec
0
Flashloader Gen done!
Waiting for the Image Generation...
1_sign_bld
已复制         1 个文件。
已复制         1 个文件。
Install SRK
Install CSFK
Authenticate CSF
Install key
Authenticate data
CSF Processed successfully and signed data available in csf.bin
	Section: 0x14
	Section: 0x15
	Section: 0x16
	Section: 0x18
	Section: 0x19
	Section: 0x1a
iMX bootable image generated successfully
0
0
Entry point:0x30002509
cd _out & elftosb.exe -f imx -V -c elftosb_bld.bd -o IXWW22_BLD_temp_signed.bin IXWW22_BLD_out.srec
0
.\HexView\hexview.exe .\_bin\IXWW22_BLD.srec /s /ar:0x30000000-0x30001FFF /xn -o .\_out\IXWW22_BLD_header.bin
0
.\HexView\hexview.exe /in:.\_bin\IXWW22_BLD_signed.bin;0x30000000 /s /xs:16:2 -o .\_bin\IXWW22_BLD_signed.srec
0
ret:0
2_sign_app
已复制         1 个文件。
已复制         1 个文件。
已复制         1 个文件。
Install SRK
Install CSFK
Authenticate CSF
Install key
Authenticate data
CSF Processed successfully and signed data available in csf.bin
	Section: 0x14
	Section: 0x15
	Section: 0x16
	Section: 0x18
	Section: 0x19
	Section: 0x1a
iMX bootable image generated successfully
已复制         1 个文件。
0
0
0
Entry point:0x30202509
cd _out & elftosb.exe -f imx -V -c elftosb_app.bd -o LinkCard-RT1172_BT_signed.bin LinkCard-RT1172_BT.srec
0
copy .\_out\LinkCard-RT1172_BT_signed.bin
0
.\HexView\hexview.exe /in:.\_bin\LinkCard-RT1172_BT_signed.bin;0x30200000 /s /xs:16:2 -o .\_bin\LinkCard-RT1172_BT_signed.srec
0
ret:0
3_encrypt_bld
scrambled_kek[0]=c6f52dfd cc0688ed 49384904 77b63482
scrambled_kek[1]=282e0476 22dda166 49384904 77b63482
scrambled_kek[2]=282e0476 cc0688ed 49384904 996d1d09
scrambled_kek[3]=282e0476 cc0688ed a7e3608f 77b63482
BLD Encrypt size: 0x00200000
.\image_enc.exe hw_eng=otfad ifile=.\_bin\IXWW22_BLD_signed.bin ofile=.\_bin\IXWW22_BLD_signed_enc.bin base_addr=0x30000000 kek=76042E28ED8806CC044938498234B677 otfad_arg=[C4E3A11477115F7E6BD449087AB16CFC,B1EE1FBF0A561A58,0x30001000,0x00200000],[8E4EFD85A8D7A77959AEAC646E28A357,81D7C2FC703BCA83,0x30201000,0x01DFE000] scramble=0xEEDB298B scramble_align=0xB4
1
.\HexView\hexview.exe /in:.\_bin\IXWW22_BLD_signed_enc.bin;0x30000000 /s /xs:16:2 -o .\_bin\IXWW22_BLD_signed_enc.srec
0
ret:0
4_encrypt_app
scrambled_kek[0]=c6f52dfd cc0688ed 49384904 77b63482
scrambled_kek[1]=282e0476 22dda166 49384904 77b63482
scrambled_kek[2]=282e0476 cc0688ed 49384904 996d1d09
scrambled_kek[3]=282e0476 cc0688ed a7e3608f 77b63482
APP Encrypt size: 0x01DFE000
.\image_enc.exe hw_eng=otfad ifile=.\_bin\LinkCard-RT1172_BT_signed.bin ofile=.\_bin\LinkCard-RT1172_BT_signed_enc.bin base_addr=0x30200000 kek=76042E28ED8806CC044938498234B677 otfad_arg=[8E4EFD85A8D7A77959AEAC646E28A357,81D7C2FC703BCA83,0x30201000,0x01DFE000] scramble=0xEEDB298B scramble_align=0xB4
1
.\HexView\hexview.exe /in:.\_bin\LinkCard-RT1172_BT_signed_enc.bin;0x30200000 /s /xs:16:2 -o .\_bin\LinkCard-RT1172_BT_signed_enc.srec
0
ret:0
5_merge_bld_app
.\HexView\hexview.exe /mo:.\_bin\IXWW22_BLD_signed_enc.srec+.\_bin\LinkCard-RT1172_BT_signed_enc.srec+.\_bin\SYS_A_VALIDITY.srec /s /xs:16:2 -o .\_bin\LinkCard-RT1172_BT_signed_enc_all.srec
0
ret:0
Merge LinkCard-RT1172_BT_signed_enc_all.srec
ret:0
Image Gen done!
Clean up!

========Image Gen Prepare========
Fri Jun 18 11:53:39 2021

Copy ..\Release\LinkCard-RT1172_BT.srec
已复制         1 个文件。
Copy ..\submodule\rt1172_bootloader\Release\IXWW22_BLD.srec
已复制         1 个文件。
Copy ..\bat\SYS_A_VALIDITY.srec
已复制         1 个文件。
Get crts!
Get enc!
Get keys!
Get srk!
0_image_gen

========Image Gen Start========
Fri Jun 18 11:54:09 2021

copy cst ret: 0
copy elftosb ret: 0
Enc files exist.
PKI files exist.
SRK files exist.
.\HexView\hexview.exe /in:.\_bin\enc.bin;0x20280000 /s /xs:16:2 -o .\_bin\enc.srec
0
Enc File Gen done!
.\HexView\hexview.exe /mo:IXWW22_FLD.srec+.\_bin\enc.srec /s /xs:16:2 -o .\_bin\IXWW22_FLD_M.srec
0
elftosb.exe -f imx -V -c flashloader_ivt.bd -o .\_bin\IXWW22_FLD_M_ivt.bin .\_bin\IXWW22_FLD_M.srec
0
cd _out & elftosb.exe -f imx -V -c ..\flashloader_signed.bd -o ..\_bin\IXWW22_FLD_M_signed.bin ..\_bin\IXWW22_FLD_M.srec
0
Flashloader Gen done!
Waiting for the Image Generation...
1_sign_bld
已复制         1 个文件。
已复制         1 个文件。
Install SRK
Install CSFK
Authenticate CSF
Install key
Authenticate data
CSF Processed successfully and signed data available in csf.bin
	Section: 0x14
	Section: 0x15
	Section: 0x16
	Section: 0x18
	Section: 0x19
	Section: 0x1a
iMX bootable image generated successfully
0
0
Entry point:0x300025AD
cd _out & elftosb.exe -f imx -V -c elftosb_bld.bd -o IXWW22_BLD_temp_signed.bin IXWW22_BLD_out.srec
0
.\HexView\hexview.exe .\_bin\IXWW22_BLD.srec /s /ar:0x30000000-0x30001FFF /xn -o .\_out\IXWW22_BLD_header.bin
0
.\HexView\hexview.exe /in:.\_bin\IXWW22_BLD_signed.bin;0x30000000 /s /xs:16:2 -o .\_bin\IXWW22_BLD_signed.srec
0
ret:0
2_sign_app
已复制         1 个文件。
已复制         1 个文件。
已复制         1 个文件。
Install SRK
Install CSFK
Authenticate CSF
Install key
Authenticate data
CSF Processed successfully and signed data available in csf.bin
	Section: 0x14
	Section: 0x15
	Section: 0x16
	Section: 0x18
	Section: 0x19
	Section: 0x1a
iMX bootable image generated successfully
已复制         1 个文件。
0
0
0
Entry point:0x302024FD
cd _out & elftosb.exe -f imx -V -c elftosb_app.bd -o LinkCard-RT1172_BT_signed.bin LinkCard-RT1172_BT.srec
0
copy .\_out\LinkCard-RT1172_BT_signed.bin
0
.\HexView\hexview.exe /in:.\_bin\LinkCard-RT1172_BT_signed.bin;0x30200000 /s /xs:16:2 -o .\_bin\LinkCard-RT1172_BT_signed.srec
0
ret:0
3_encrypt_bld
scrambled_kek[0]=c6f52dfd cc0688ed 49384904 77b63482
scrambled_kek[1]=282e0476 22dda166 49384904 77b63482
scrambled_kek[2]=282e0476 cc0688ed 49384904 996d1d09
scrambled_kek[3]=282e0476 cc0688ed a7e3608f 77b63482
BLD Encrypt size: 0x00200000
.\image_enc.exe hw_eng=otfad ifile=.\_bin\IXWW22_BLD_signed.bin ofile=.\_bin\IXWW22_BLD_signed_enc.bin base_addr=0x30000000 kek=76042E28ED8806CC044938498234B677 otfad_arg=[C4E3A11477115F7E6BD449087AB16CFC,B1EE1FBF0A561A58,0x30001000,0x00200000],[8E4EFD85A8D7A77959AEAC646E28A357,81D7C2FC703BCA83,0x30201000,0x01DFE000] scramble=0xEEDB298B scramble_align=0xB4
1
.\HexView\hexview.exe /in:.\_bin\IXWW22_BLD_signed_enc.bin;0x30000000 /s /xs:16:2 -o .\_bin\IXWW22_BLD_signed_enc.srec
0
ret:0
4_encrypt_app
scrambled_kek[0]=c6f52dfd cc0688ed 49384904 77b63482
scrambled_kek[1]=282e0476 22dda166 49384904 77b63482
scrambled_kek[2]=282e0476 cc0688ed 49384904 996d1d09
scrambled_kek[3]=282e0476 cc0688ed a7e3608f 77b63482
APP Encrypt size: 0x01DFE000
.\image_enc.exe hw_eng=otfad ifile=.\_bin\LinkCard-RT1172_BT_signed.bin ofile=.\_bin\LinkCard-RT1172_BT_signed_enc.bin base_addr=0x30200000 kek=76042E28ED8806CC044938498234B677 otfad_arg=[8E4EFD85A8D7A77959AEAC646E28A357,81D7C2FC703BCA83,0x30201000,0x01DFE000] scramble=0xEEDB298B scramble_align=0xB4
1
.\HexView\hexview.exe /in:.\_bin\LinkCard-RT1172_BT_signed_enc.bin;0x30200000 /s /xs:16:2 -o .\_bin\LinkCard-RT1172_BT_signed_enc.srec
0
ret:0
5_merge_bld_app
.\HexView\hexview.exe /mo:.\_bin\IXWW22_BLD_signed_enc.srec+.\_bin\LinkCard-RT1172_BT_signed_enc.srec+.\_bin\SYS_A_VALIDITY.srec /s /xs:16:2 -o .\_bin\LinkCard-RT1172_BT_signed_enc_all.srec
0
ret:0
Merge LinkCard-RT1172_BT_signed_enc_all.srec
ret:0
Image Gen done!
Clean up!

========Image Gen Prepare========
Fri Jun 18 14:34:39 2021

Copy ..\Release\LinkCard-RT1172_BT.srec
已复制         1 个文件。
Copy ..\submodule\rt1172_bootloader\Release\IXWW22_BLD.srec
已复制         1 个文件。
Copy ..\bat\SYS_A_VALIDITY.srec
已复制         1 个文件。
Get crts!
Get enc!
Get keys!
Get srk!
0_image_gen

========Image Gen Start========
Fri Jun 18 14:35:08 2021

copy cst ret: 0
copy elftosb ret: 0
Enc files exist.
PKI files exist.
SRK files exist.
.\HexView\hexview.exe /in:.\_bin\enc.bin;0x20280000 /s /xs:16:2 -o .\_bin\enc.srec
0
Enc File Gen done!
.\HexView\hexview.exe /mo:IXWW22_FLD.srec+.\_bin\enc.srec /s /xs:16:2 -o .\_bin\IXWW22_FLD_M.srec
0
elftosb.exe -f imx -V -c flashloader_ivt.bd -o .\_bin\IXWW22_FLD_M_ivt.bin .\_bin\IXWW22_FLD_M.srec
0
cd _out & elftosb.exe -f imx -V -c ..\flashloader_signed.bd -o ..\_bin\IXWW22_FLD_M_signed.bin ..\_bin\IXWW22_FLD_M.srec
0
Flashloader Gen done!
Waiting for the Image Generation...
1_sign_bld
已复制         1 个文件。
已复制         1 个文件。
Install SRK
Install CSFK
Authenticate CSF
Install key
Authenticate data
CSF Processed successfully and signed data available in csf.bin
	Section: 0x14
	Section: 0x15
	Section: 0x16
	Section: 0x18
	Section: 0x19
	Section: 0x1a
iMX bootable image generated successfully
0
0
Entry point:0x300025AD
cd _out & elftosb.exe -f imx -V -c elftosb_bld.bd -o IXWW22_BLD_temp_signed.bin IXWW22_BLD_out.srec
0
.\HexView\hexview.exe .\_bin\IXWW22_BLD.srec /s /ar:0x30000000-0x30001FFF /xn -o .\_out\IXWW22_BLD_header.bin
0
.\HexView\hexview.exe /in:.\_bin\IXWW22_BLD_signed.bin;0x30000000 /s /xs:16:2 -o .\_bin\IXWW22_BLD_signed.srec
0
ret:0
2_sign_app
已复制         1 个文件。
已复制         1 个文件。
已复制         1 个文件。
Install SRK
Install CSFK
Authenticate CSF
Install key
Authenticate data
CSF Processed successfully and signed data available in csf.bin
	Section: 0x14
	Section: 0x15
	Section: 0x16
	Section: 0x18
	Section: 0x19
	Section: 0x1a
iMX bootable image generated successfully
已复制         1 个文件。
0
0
0
Entry point:0x302024FD
cd _out & elftosb.exe -f imx -V -c elftosb_app.bd -o LinkCard-RT1172_BT_signed.bin LinkCard-RT1172_BT.srec
0
copy .\_out\LinkCard-RT1172_BT_signed.bin
0
.\HexView\hexview.exe /in:.\_bin\LinkCard-RT1172_BT_signed.bin;0x30200000 /s /xs:16:2 -o .\_bin\LinkCard-RT1172_BT_signed.srec
0
ret:0
3_encrypt_bld
scrambled_kek[0]=c6f52dfd cc0688ed 49384904 77b63482
scrambled_kek[1]=282e0476 22dda166 49384904 77b63482
scrambled_kek[2]=282e0476 cc0688ed 49384904 996d1d09
scrambled_kek[3]=282e0476 cc0688ed a7e3608f 77b63482
BLD Encrypt size: 0x00200000
.\image_enc.exe hw_eng=otfad ifile=.\_bin\IXWW22_BLD_signed.bin ofile=.\_bin\IXWW22_BLD_signed_enc.bin base_addr=0x30000000 kek=76042E28ED8806CC044938498234B677 otfad_arg=[C4E3A11477115F7E6BD449087AB16CFC,B1EE1FBF0A561A58,0x30001000,0x00200000],[8E4EFD85A8D7A77959AEAC646E28A357,81D7C2FC703BCA83,0x30201000,0x01DFE000] scramble=0xEEDB298B scramble_align=0xB4
1
.\HexView\hexview.exe /in:.\_bin\IXWW22_BLD_signed_enc.bin;0x30000000 /s /xs:16:2 -o .\_bin\IXWW22_BLD_signed_enc.srec
0
ret:0
4_encrypt_app
scrambled_kek[0]=c6f52dfd cc0688ed 49384904 77b63482
scrambled_kek[1]=282e0476 22dda166 49384904 77b63482
scrambled_kek[2]=282e0476 cc0688ed 49384904 996d1d09
scrambled_kek[3]=282e0476 cc0688ed a7e3608f 77b63482
APP Encrypt size: 0x01DFE000
.\image_enc.exe hw_eng=otfad ifile=.\_bin\LinkCard-RT1172_BT_signed.bin ofile=.\_bin\LinkCard-RT1172_BT_signed_enc.bin base_addr=0x30200000 kek=76042E28ED8806CC044938498234B677 otfad_arg=[8E4EFD85A8D7A77959AEAC646E28A357,81D7C2FC703BCA83,0x30201000,0x01DFE000] scramble=0xEEDB298B scramble_align=0xB4
1
.\HexView\hexview.exe /in:.\_bin\LinkCard-RT1172_BT_signed_enc.bin;0x30200000 /s /xs:16:2 -o .\_bin\LinkCard-RT1172_BT_signed_enc.srec
0
ret:0
5_merge_bld_app
.\HexView\hexview.exe /mo:.\_bin\IXWW22_BLD_signed_enc.srec+.\_bin\LinkCard-RT1172_BT_signed_enc.srec+.\_bin\SYS_A_VALIDITY.srec /s /xs:16:2 -o .\_bin\LinkCard-RT1172_BT_signed_enc_all.srec
0
ret:0
Merge LinkCard-RT1172_BT_signed_enc_all.srec
ret:0
Image Gen done!
Clean up!
OTA Gen...
Start to generate update file from .\_bin\LinkCard-RT1172_BT_signed_enc.srec
Generate update file .\_bin\BKA_UPDATE_FILE_PRODUCTION.bin complete

========Image Gen Prepare========
Fri Jun 18 14:40:45 2021

Copy ..\Debug\LinkCard-RT1172_BT.srec
已复制         1 个文件。
Copy ..\submodule\rt1172_bootloader\Debug\IXWW22_BLD.srec
已复制         1 个文件。
Copy ..\bat\SYS_A_VALIDITY.srec
已复制         1 个文件。
Get crts!
Get enc!
Get keys!
Get srk!
0_image_gen

========Image Gen Start========
Fri Jun 18 14:41:15 2021

copy cst ret: 0
copy elftosb ret: 0
Enc files exist.
PKI files exist.
SRK files exist.
.\HexView\hexview.exe /in:.\_bin\enc.bin;0x20280000 /s /xs:16:2 -o .\_bin\enc.srec
0
Enc File Gen done!
.\HexView\hexview.exe /mo:IXWW22_FLD.srec+.\_bin\enc.srec /s /xs:16:2 -o .\_bin\IXWW22_FLD_M.srec
0
elftosb.exe -f imx -V -c flashloader_ivt.bd -o .\_bin\IXWW22_FLD_M_ivt.bin .\_bin\IXWW22_FLD_M.srec
0
cd _out & elftosb.exe -f imx -V -c ..\flashloader_signed.bd -o ..\_bin\IXWW22_FLD_M_signed.bin ..\_bin\IXWW22_FLD_M.srec
0
Flashloader Gen done!
Waiting for the Image Generation...
1_sign_bld
已复制         1 个文件。
已复制         1 个文件。
Install SRK
Install CSFK
Authenticate CSF
Install key
Authenticate data
CSF Processed successfully and signed data available in csf.bin
	Section: 0x14
	Section: 0x15
	Section: 0x16
	Section: 0x18
	Section: 0x19
	Section: 0x1a
iMX bootable image generated successfully
0
0
Entry point:0x30002509
cd _out & elftosb.exe -f imx -V -c elftosb_bld.bd -o IXWW22_BLD_temp_signed.bin IXWW22_BLD_out.srec
0
.\HexView\hexview.exe .\_bin\IXWW22_BLD.srec /s /ar:0x30000000-0x30001FFF /xn -o .\_out\IXWW22_BLD_header.bin
0
.\HexView\hexview.exe /in:.\_bin\IXWW22_BLD_signed.bin;0x30000000 /s /xs:16:2 -o .\_bin\IXWW22_BLD_signed.srec
0
ret:0
2_sign_app
已复制         1 个文件。
已复制         1 个文件。
已复制         1 个文件。
Install SRK
Install CSFK
Authenticate CSF
Install key
Authenticate data
CSF Processed successfully and signed data available in csf.bin
	Section: 0x14
	Section: 0x15
	Section: 0x16
	Section: 0x18
	Section: 0x19
	Section: 0x1a
iMX bootable image generated successfully
已复制         1 个文件。
0
0
0
Entry point:0x30202509
cd _out & elftosb.exe -f imx -V -c elftosb_app.bd -o LinkCard-RT1172_BT_signed.bin LinkCard-RT1172_BT.srec
0
copy .\_out\LinkCard-RT1172_BT_signed.bin
0
.\HexView\hexview.exe /in:.\_bin\LinkCard-RT1172_BT_signed.bin;0x30200000 /s /xs:16:2 -o .\_bin\LinkCard-RT1172_BT_signed.srec
0
ret:0
3_encrypt_bld
scrambled_kek[0]=c6f52dfd cc0688ed 49384904 77b63482
scrambled_kek[1]=282e0476 22dda166 49384904 77b63482
scrambled_kek[2]=282e0476 cc0688ed 49384904 996d1d09
scrambled_kek[3]=282e0476 cc0688ed a7e3608f 77b63482
BLD Encrypt size: 0x00200000
.\image_enc.exe hw_eng=otfad ifile=.\_bin\IXWW22_BLD_signed.bin ofile=.\_bin\IXWW22_BLD_signed_enc.bin base_addr=0x30000000 kek=76042E28ED8806CC044938498234B677 otfad_arg=[C4E3A11477115F7E6BD449087AB16CFC,B1EE1FBF0A561A58,0x30001000,0x00200000],[8E4EFD85A8D7A77959AEAC646E28A357,81D7C2FC703BCA83,0x30201000,0x01DFE000] scramble=0xEEDB298B scramble_align=0xB4
1
.\HexView\hexview.exe /in:.\_bin\IXWW22_BLD_signed_enc.bin;0x30000000 /s /xs:16:2 -o .\_bin\IXWW22_BLD_signed_enc.srec
0
ret:0
4_encrypt_app
scrambled_kek[0]=c6f52dfd cc0688ed 49384904 77b63482
scrambled_kek[1]=282e0476 22dda166 49384904 77b63482
scrambled_kek[2]=282e0476 cc0688ed 49384904 996d1d09
scrambled_kek[3]=282e0476 cc0688ed a7e3608f 77b63482
APP Encrypt size: 0x01DFE000
.\image_enc.exe hw_eng=otfad ifile=.\_bin\LinkCard-RT1172_BT_signed.bin ofile=.\_bin\LinkCard-RT1172_BT_signed_enc.bin base_addr=0x30200000 kek=76042E28ED8806CC044938498234B677 otfad_arg=[8E4EFD85A8D7A77959AEAC646E28A357,81D7C2FC703BCA83,0x30201000,0x01DFE000] scramble=0xEEDB298B scramble_align=0xB4
1
.\HexView\hexview.exe /in:.\_bin\LinkCard-RT1172_BT_signed_enc.bin;0x30200000 /s /xs:16:2 -o .\_bin\LinkCard-RT1172_BT_signed_enc.srec
0
ret:0
5_merge_bld_app
.\HexView\hexview.exe /mo:.\_bin\IXWW22_BLD_signed_enc.srec+.\_bin\LinkCard-RT1172_BT_signed_enc.srec+.\_bin\SYS_A_VALIDITY.srec /s /xs:16:2 -o .\_bin\LinkCard-RT1172_BT_signed_enc_all.srec
0
ret:0
Merge LinkCard-RT1172_BT_signed_enc_all.srec
ret:0
Image Gen done!
Clean up!
OTA Gen...
Start to generate update file from .\_bin\LinkCard-RT1172_BT_signed_enc.srec
Generate update file .\_bin\BKA_UPDATE_FILE_PRODUCTION.bin complete

========Image Gen Prepare========
Fri Jun 18 14:52:49 2021

Copy ..\Release\LinkCard-RT1172_BT.srec
已复制         1 个文件。
Copy ..\submodule\rt1172_bootloader\Release\IXWW22_BLD.srec
已复制         1 个文件。
Copy ..\bat\SYS_A_VALIDITY.srec
已复制         1 个文件。
Get crts!
Get enc!
Get keys!
Get srk!
0_image_gen

========Image Gen Start========
Fri Jun 18 14:53:17 2021

copy cst ret: 0
copy elftosb ret: 0
Enc files exist.
PKI files exist.
SRK files exist.
.\HexView\hexview.exe /in:.\_bin\enc.bin;0x20280000 /s /xs:16:2 -o .\_bin\enc.srec
0
Enc File Gen done!
.\HexView\hexview.exe /mo:IXWW22_FLD.srec+.\_bin\enc.srec /s /xs:16:2 -o .\_bin\IXWW22_FLD_M.srec
0
elftosb.exe -f imx -V -c flashloader_ivt.bd -o .\_bin\IXWW22_FLD_M_ivt.bin .\_bin\IXWW22_FLD_M.srec
0
cd _out & elftosb.exe -f imx -V -c ..\flashloader_signed.bd -o ..\_bin\IXWW22_FLD_M_signed.bin ..\_bin\IXWW22_FLD_M.srec
0
Flashloader Gen done!
Waiting for the Image Generation...
1_sign_bld
已复制         1 个文件。
已复制         1 个文件。
Install SRK
Install CSFK
Authenticate CSF
Install key
Authenticate data
CSF Processed successfully and signed data available in csf.bin
	Section: 0x14
	Section: 0x15
	Section: 0x16
	Section: 0x18
	Section: 0x19
	Section: 0x1a
iMX bootable image generated successfully
0
0
Entry point:0x300025AD
cd _out & elftosb.exe -f imx -V -c elftosb_bld.bd -o IXWW22_BLD_temp_signed.bin IXWW22_BLD_out.srec
0
.\HexView\hexview.exe .\_bin\IXWW22_BLD.srec /s /ar:0x30000000-0x30001FFF /xn -o .\_out\IXWW22_BLD_header.bin
0
.\HexView\hexview.exe /in:.\_bin\IXWW22_BLD_signed.bin;0x30000000 /s /xs:16:2 -o .\_bin\IXWW22_BLD_signed.srec
0
ret:0
2_sign_app
已复制         1 个文件。
已复制         1 个文件。
已复制         1 个文件。
Install SRK
Install CSFK
Authenticate CSF
Install key
Authenticate data
CSF Processed successfully and signed data available in csf.bin
	Section: 0x14
	Section: 0x15
	Section: 0x16
	Section: 0x18
	Section: 0x19
	Section: 0x1a
iMX bootable image generated successfully
已复制         1 个文件。
0
0
0
Entry point:0x302024FD
cd _out & elftosb.exe -f imx -V -c elftosb_app.bd -o LinkCard-RT1172_BT_signed.bin LinkCard-RT1172_BT.srec
0
copy .\_out\LinkCard-RT1172_BT_signed.bin
0
.\HexView\hexview.exe /in:.\_bin\LinkCard-RT1172_BT_signed.bin;0x30200000 /s /xs:16:2 -o .\_bin\LinkCard-RT1172_BT_signed.srec
0
ret:0
3_encrypt_bld
scrambled_kek[0]=c6f52dfd cc0688ed 49384904 77b63482
scrambled_kek[1]=282e0476 22dda166 49384904 77b63482
scrambled_kek[2]=282e0476 cc0688ed 49384904 996d1d09
scrambled_kek[3]=282e0476 cc0688ed a7e3608f 77b63482
BLD Encrypt size: 0x00200000
.\image_enc.exe hw_eng=otfad ifile=.\_bin\IXWW22_BLD_signed.bin ofile=.\_bin\IXWW22_BLD_signed_enc.bin base_addr=0x30000000 kek=76042E28ED8806CC044938498234B677 otfad_arg=[C4E3A11477115F7E6BD449087AB16CFC,B1EE1FBF0A561A58,0x30001000,0x00200000],[8E4EFD85A8D7A77959AEAC646E28A357,81D7C2FC703BCA83,0x30201000,0x01DFE000] scramble=0xEEDB298B scramble_align=0xB4
1
.\HexView\hexview.exe /in:.\_bin\IXWW22_BLD_signed_enc.bin;0x30000000 /s /xs:16:2 -o .\_bin\IXWW22_BLD_signed_enc.srec
0
ret:0
4_encrypt_app
scrambled_kek[0]=c6f52dfd cc0688ed 49384904 77b63482
scrambled_kek[1]=282e0476 22dda166 49384904 77b63482
scrambled_kek[2]=282e0476 cc0688ed 49384904 996d1d09
scrambled_kek[3]=282e0476 cc0688ed a7e3608f 77b63482
APP Encrypt size: 0x01DFE000
.\image_enc.exe hw_eng=otfad ifile=.\_bin\LinkCard-RT1172_BT_signed.bin ofile=.\_bin\LinkCard-RT1172_BT_signed_enc.bin base_addr=0x30200000 kek=76042E28ED8806CC044938498234B677 otfad_arg=[8E4EFD85A8D7A77959AEAC646E28A357,81D7C2FC703BCA83,0x30201000,0x01DFE000] scramble=0xEEDB298B scramble_align=0xB4
1
.\HexView\hexview.exe /in:.\_bin\LinkCard-RT1172_BT_signed_enc.bin;0x30200000 /s /xs:16:2 -o .\_bin\LinkCard-RT1172_BT_signed_enc.srec
0
ret:0
5_merge_bld_app
.\HexView\hexview.exe /mo:.\_bin\IXWW22_BLD_signed_enc.srec+.\_bin\LinkCard-RT1172_BT_signed_enc.srec+.\_bin\SYS_A_VALIDITY.srec /s /xs:16:2 -o .\_bin\LinkCard-RT1172_BT_signed_enc_all.srec
0
ret:0
Merge LinkCard-RT1172_BT_signed_enc_all.srec
ret:0
Image Gen done!
Clean up!
OTA Gen...
Start to generate update file from .\_bin\LinkCard-RT1172_BT_signed_enc.srec
Generate update file .\_bin\BKA_UPDATE_FILE_PRODUCTION.bin complete
